
=== Thu Aug 29 12:18:36 2019

Packages were changed.
Update Mode: mergeDefaultDependencies

The following packages were updated:
  com.unity.ide.rider from version 1.0.8 to 1.1.0

=== Mon Sep 16 10:22:12 2019

Packages were changed.
Update Mode: updateDependencies

The following packages were updated:
  com.unity.test-framework from version 1.0.17 to 1.1.1
  com.unity.timeline from version 1.1.0 to 1.2.1

=== Tue Oct 22 11:36:04 2019

Packages were changed.
Update Mode: updateDependencies

The following packages were updated:
  com.unity.ide.vscode from version 1.0.7 to 1.1.2
  com.unity.render-pipelines.universal from version 7.0.1 to 7.1.1
  com.unity.test-framework from version 1.1.1 to 1.1.2
  com.unity.timeline from version 1.2.1 to 1.2.2

=== Thu Oct 31 10:46:03 2019

Packages were changed.
Update Mode: updateDependencies

The following packages were updated:
  com.unity.test-framework from version 1.1.2 to 1.1.3
  com.unity.timeline from version 1.2.2 to 1.2.4
